2018-04-10 16:43:17 [scrapy.utils.log] INFO: Scrapy 1.5.0 started (bot: tencent)
2018-04-10 16:43:17 [scrapy.utils.log] INFO: Versions: lxml 4.2.0.0, libxml2 2.9.5, cssselect 1.0.3, parsel 1.4.0, w3lib 1.19.0, Twisted 17.9.0, Python 3.6.4 (v3.6.4:d48eceb, Dec 19 2017, 06:54:40) [MSC v.1900 64 bit (AMD64)], pyOpenSSL 17.5.0 (OpenSSL 1.1.0g  2 Nov 2017), cryptography 2.1.4, Platform Windows-7-6.1.7601-SP1
2018-04-10 16:43:17 [scrapy.crawler] INFO: Overridden settings: {'BOT_NAME': 'tencent', 'LOG_FILE': 'tencent.log', 'LOG_LEVEL': 'INFO', 'NEWSPIDER_MODULE': 'tencent.spiders', 'ROBOTSTXT_OBEY': True, 'SPIDER_MODULES': ['tencent.spiders']}
2018-04-10 16:43:17 [scrapy.middleware] INFO: Enabled extensions:
['scrapy.extensions.corestats.CoreStats',
 'scrapy.extensions.telnet.TelnetConsole',
 'scrapy.extensions.logstats.LogStats']
2018-04-10 16:43:17 [scrapy.middleware] INFO: Enabled downloader middlewares:
['scrapy.downloadermiddlewares.robotstxt.RobotsTxtMiddleware',
 'scrapy.downloadermiddlewares.httpauth.HttpAuthMiddleware',
 'scrapy.downloadermiddlewares.downloadtimeout.DownloadTimeoutMiddleware',
 'scrapy.downloadermiddlewares.defaultheaders.DefaultHeadersMiddleware',
 'scrapy.downloadermiddlewares.useragent.UserAgentMiddleware',
 'scrapy.downloadermiddlewares.retry.RetryMiddleware',
 'scrapy.downloadermiddlewares.redirect.MetaRefreshMiddleware',
 'scrapy.downloadermiddlewares.httpcompression.HttpCompressionMiddleware',
 'scrapy.downloadermiddlewares.redirect.RedirectMiddleware',
 'scrapy.downloadermiddlewares.cookies.CookiesMiddleware',
 'scrapy.downloadermiddlewares.httpproxy.HttpProxyMiddleware',
 'scrapy.downloadermiddlewares.stats.DownloaderStats']
2018-04-10 16:43:17 [scrapy.middleware] INFO: Enabled spider middlewares:
['scrapy.spidermiddlewares.httperror.HttpErrorMiddleware',
 'scrapy.spidermiddlewares.offsite.OffsiteMiddleware',
 'scrapy.spidermiddlewares.referer.RefererMiddleware',
 'scrapy.spidermiddlewares.urllength.UrlLengthMiddleware',
 'scrapy.spidermiddlewares.depth.DepthMiddleware']
2018-04-10 16:43:17 [scrapy.middleware] INFO: Enabled item pipelines:
[]
2018-04-10 16:43:17 [scrapy.core.engine] INFO: Spider opened
2018-04-10 16:43:17 [scrapy.extensions.logstats] INFO: Crawled 0 pages (at 0 pages/min), scraped 0 items (at 0 items/min)
2018-04-10 16:43:43 [scrapy.utils.log] INFO: Scrapy 1.5.0 started (bot: tencent)
2018-04-10 16:43:43 [scrapy.utils.log] INFO: Versions: lxml 4.2.0.0, libxml2 2.9.5, cssselect 1.0.3, parsel 1.4.0, w3lib 1.19.0, Twisted 17.9.0, Python 3.6.4 (v3.6.4:d48eceb, Dec 19 2017, 06:54:40) [MSC v.1900 64 bit (AMD64)], pyOpenSSL 17.5.0 (OpenSSL 1.1.0g  2 Nov 2017), cryptography 2.1.4, Platform Windows-7-6.1.7601-SP1
2018-04-10 16:43:43 [scrapy.crawler] INFO: Overridden settings: {'BOT_NAME': 'tencent', 'LOG_FILE': 'tencent.log', 'LOG_LEVEL': 'INFO', 'NEWSPIDER_MODULE': 'tencent.spiders', 'ROBOTSTXT_OBEY': True, 'SPIDER_MODULES': ['tencent.spiders']}
2018-04-10 16:43:43 [scrapy.middleware] INFO: Enabled extensions:
['scrapy.extensions.corestats.CoreStats',
 'scrapy.extensions.telnet.TelnetConsole',
 'scrapy.extensions.logstats.LogStats']
2018-04-10 16:43:43 [scrapy.middleware] INFO: Enabled downloader middlewares:
['scrapy.downloadermiddlewares.robotstxt.RobotsTxtMiddleware',
 'scrapy.downloadermiddlewares.httpauth.HttpAuthMiddleware',
 'scrapy.downloadermiddlewares.downloadtimeout.DownloadTimeoutMiddleware',
 'scrapy.downloadermiddlewares.defaultheaders.DefaultHeadersMiddleware',
 'scrapy.downloadermiddlewares.useragent.UserAgentMiddleware',
 'scrapy.downloadermiddlewares.retry.RetryMiddleware',
 'scrapy.downloadermiddlewares.redirect.MetaRefreshMiddleware',
 'scrapy.downloadermiddlewares.httpcompression.HttpCompressionMiddleware',
 'scrapy.downloadermiddlewares.redirect.RedirectMiddleware',
 'scrapy.downloadermiddlewares.cookies.CookiesMiddleware',
 'scrapy.downloadermiddlewares.httpproxy.HttpProxyMiddleware',
 'scrapy.downloadermiddlewares.stats.DownloaderStats']
2018-04-10 16:43:43 [scrapy.middleware] INFO: Enabled spider middlewares:
['scrapy.spidermiddlewares.httperror.HttpErrorMiddleware',
 'scrapy.spidermiddlewares.offsite.OffsiteMiddleware',
 'scrapy.spidermiddlewares.referer.RefererMiddleware',
 'scrapy.spidermiddlewares.urllength.UrlLengthMiddleware',
 'scrapy.spidermiddlewares.depth.DepthMiddleware']
2018-04-10 16:43:43 [scrapy.middleware] INFO: Enabled item pipelines:
[]
2018-04-10 16:43:43 [scrapy.core.engine] INFO: Spider opened
2018-04-10 16:43:43 [scrapy.extensions.logstats] INFO: Crawled 0 pages (at 0 pages/min), scraped 0 items (at 0 items/min)
2018-04-10 16:44:16 [scrapy.utils.log] INFO: Scrapy 1.5.0 started (bot: tencent)
2018-04-10 16:44:16 [scrapy.utils.log] INFO: Versions: lxml 4.2.0.0, libxml2 2.9.5, cssselect 1.0.3, parsel 1.4.0, w3lib 1.19.0, Twisted 17.9.0, Python 3.6.4 (v3.6.4:d48eceb, Dec 19 2017, 06:54:40) [MSC v.1900 64 bit (AMD64)], pyOpenSSL 17.5.0 (OpenSSL 1.1.0g  2 Nov 2017), cryptography 2.1.4, Platform Windows-7-6.1.7601-SP1
2018-04-10 16:44:16 [scrapy.crawler] INFO: Overridden settings: {'BOT_NAME': 'tencent', 'LOG_FILE': 'tencent.log', 'LOG_LEVEL': 'INFO', 'NEWSPIDER_MODULE': 'tencent.spiders', 'ROBOTSTXT_OBEY': True, 'SPIDER_MODULES': ['tencent.spiders']}
2018-04-10 16:44:16 [scrapy.middleware] INFO: Enabled extensions:
['scrapy.extensions.corestats.CoreStats',
 'scrapy.extensions.telnet.TelnetConsole',
 'scrapy.extensions.logstats.LogStats']
2018-04-10 16:44:16 [scrapy.middleware] INFO: Enabled downloader middlewares:
['scrapy.downloadermiddlewares.robotstxt.RobotsTxtMiddleware',
 'scrapy.downloadermiddlewares.httpauth.HttpAuthMiddleware',
 'scrapy.downloadermiddlewares.downloadtimeout.DownloadTimeoutMiddleware',
 'scrapy.downloadermiddlewares.defaultheaders.DefaultHeadersMiddleware',
 'scrapy.downloadermiddlewares.useragent.UserAgentMiddleware',
 'scrapy.downloadermiddlewares.retry.RetryMiddleware',
 'scrapy.downloadermiddlewares.redirect.MetaRefreshMiddleware',
 'scrapy.downloadermiddlewares.httpcompression.HttpCompressionMiddleware',
 'scrapy.downloadermiddlewares.redirect.RedirectMiddleware',
 'scrapy.downloadermiddlewares.cookies.CookiesMiddleware',
 'scrapy.downloadermiddlewares.httpproxy.HttpProxyMiddleware',
 'scrapy.downloadermiddlewares.stats.DownloaderStats']
2018-04-10 16:44:16 [scrapy.middleware] INFO: Enabled spider middlewares:
['scrapy.spidermiddlewares.httperror.HttpErrorMiddleware',
 'scrapy.spidermiddlewares.offsite.OffsiteMiddleware',
 'scrapy.spidermiddlewares.referer.RefererMiddleware',
 'scrapy.spidermiddlewares.urllength.UrlLengthMiddleware',
 'scrapy.spidermiddlewares.depth.DepthMiddleware']
2018-04-10 16:44:16 [scrapy.middleware] INFO: Enabled item pipelines:
[]
2018-04-10 16:44:16 [scrapy.core.engine] INFO: Spider opened
2018-04-10 16:44:16 [scrapy.extensions.logstats] INFO: Crawled 0 pages (at 0 pages/min), scraped 0 items (at 0 items/min)
2018-04-10 16:44:56 [scrapy.utils.log] INFO: Scrapy 1.5.0 started (bot: tencent)
2018-04-10 16:44:56 [scrapy.utils.log] INFO: Versions: lxml 4.2.0.0, libxml2 2.9.5, cssselect 1.0.3, parsel 1.4.0, w3lib 1.19.0, Twisted 17.9.0, Python 3.6.4 (v3.6.4:d48eceb, Dec 19 2017, 06:54:40) [MSC v.1900 64 bit (AMD64)], pyOpenSSL 17.5.0 (OpenSSL 1.1.0g  2 Nov 2017), cryptography 2.1.4, Platform Windows-7-6.1.7601-SP1
2018-04-10 16:44:56 [scrapy.crawler] INFO: Overridden settings: {'BOT_NAME': 'tencent', 'LOG_FILE': 'tencent.log', 'LOG_LEVEL': 'INFO', 'NEWSPIDER_MODULE': 'tencent.spiders', 'ROBOTSTXT_OBEY': True, 'SPIDER_MODULES': ['tencent.spiders']}
2018-04-10 16:44:56 [scrapy.middleware] INFO: Enabled extensions:
['scrapy.extensions.corestats.CoreStats',
 'scrapy.extensions.telnet.TelnetConsole',
 'scrapy.extensions.logstats.LogStats']
2018-04-10 16:44:56 [scrapy.middleware] INFO: Enabled downloader middlewares:
['scrapy.downloadermiddlewares.robotstxt.RobotsTxtMiddleware',
 'scrapy.downloadermiddlewares.httpauth.HttpAuthMiddleware',
 'scrapy.downloadermiddlewares.downloadtimeout.DownloadTimeoutMiddleware',
 'scrapy.downloadermiddlewares.defaultheaders.DefaultHeadersMiddleware',
 'scrapy.downloadermiddlewares.useragent.UserAgentMiddleware',
 'scrapy.downloadermiddlewares.retry.RetryMiddleware',
 'scrapy.downloadermiddlewares.redirect.MetaRefreshMiddleware',
 'scrapy.downloadermiddlewares.httpcompression.HttpCompressionMiddleware',
 'scrapy.downloadermiddlewares.redirect.RedirectMiddleware',
 'scrapy.downloadermiddlewares.cookies.CookiesMiddleware',
 'scrapy.downloadermiddlewares.httpproxy.HttpProxyMiddleware',
 'scrapy.downloadermiddlewares.stats.DownloaderStats']
2018-04-10 16:44:56 [scrapy.middleware] INFO: Enabled spider middlewares:
['scrapy.spidermiddlewares.httperror.HttpErrorMiddleware',
 'scrapy.spidermiddlewares.offsite.OffsiteMiddleware',
 'scrapy.spidermiddlewares.referer.RefererMiddleware',
 'scrapy.spidermiddlewares.urllength.UrlLengthMiddleware',
 'scrapy.spidermiddlewares.depth.DepthMiddleware']
2018-04-10 16:44:56 [scrapy.middleware] INFO: Enabled item pipelines:
[]
2018-04-10 16:44:56 [scrapy.core.engine] INFO: Spider opened
2018-04-10 16:44:56 [scrapy.extensions.logstats] INFO: Crawled 0 pages (at 0 pages/min), scraped 0 items (at 0 items/min)
2018-04-10 16:46:12 [scrapy.utils.log] INFO: Scrapy 1.5.0 started (bot: tencent)
2018-04-10 16:46:12 [scrapy.utils.log] INFO: Versions: lxml 4.2.0.0, libxml2 2.9.5, cssselect 1.0.3, parsel 1.4.0, w3lib 1.19.0, Twisted 17.9.0, Python 3.6.4 (v3.6.4:d48eceb, Dec 19 2017, 06:54:40) [MSC v.1900 64 bit (AMD64)], pyOpenSSL 17.5.0 (OpenSSL 1.1.0g  2 Nov 2017), cryptography 2.1.4, Platform Windows-7-6.1.7601-SP1
2018-04-10 16:46:12 [scrapy.crawler] INFO: Overridden settings: {'BOT_NAME': 'tencent', 'LOG_FILE': 'tencent.log', 'LOG_LEVEL': 'INFO', 'NEWSPIDER_MODULE': 'tencent.spiders', 'ROBOTSTXT_OBEY': True, 'SPIDER_MODULES': ['tencent.spiders']}
2018-04-10 16:46:12 [scrapy.middleware] INFO: Enabled extensions:
['scrapy.extensions.corestats.CoreStats',
 'scrapy.extensions.telnet.TelnetConsole',
 'scrapy.extensions.logstats.LogStats']
2018-04-10 16:46:12 [scrapy.middleware] INFO: Enabled downloader middlewares:
['scrapy.downloadermiddlewares.robotstxt.RobotsTxtMiddleware',
 'scrapy.downloadermiddlewares.httpauth.HttpAuthMiddleware',
 'scrapy.downloadermiddlewares.downloadtimeout.DownloadTimeoutMiddleware',
 'scrapy.downloadermiddlewares.defaultheaders.DefaultHeadersMiddleware',
 'scrapy.downloadermiddlewares.useragent.UserAgentMiddleware',
 'scrapy.downloadermiddlewares.retry.RetryMiddleware',
 'scrapy.downloadermiddlewares.redirect.MetaRefreshMiddleware',
 'scrapy.downloadermiddlewares.httpcompression.HttpCompressionMiddleware',
 'scrapy.downloadermiddlewares.redirect.RedirectMiddleware',
 'scrapy.downloadermiddlewares.cookies.CookiesMiddleware',
 'scrapy.downloadermiddlewares.httpproxy.HttpProxyMiddleware',
 'scrapy.downloadermiddlewares.stats.DownloaderStats']
2018-04-10 16:46:12 [scrapy.middleware] INFO: Enabled spider middlewares:
['scrapy.spidermiddlewares.httperror.HttpErrorMiddleware',
 'scrapy.spidermiddlewares.offsite.OffsiteMiddleware',
 'scrapy.spidermiddlewares.referer.RefererMiddleware',
 'scrapy.spidermiddlewares.urllength.UrlLengthMiddleware',
 'scrapy.spidermiddlewares.depth.DepthMiddleware']
2018-04-10 16:46:12 [scrapy.middleware] INFO: Enabled item pipelines:
[]
2018-04-10 16:46:12 [scrapy.core.engine] INFO: Spider opened
2018-04-10 16:46:12 [scrapy.extensions.logstats] INFO: Crawled 0 pages (at 0 pages/min), scraped 0 items (at 0 items/min)
2018-04-10 16:46:43 [scrapy.core.engine] INFO: Closing spider (finished)
2018-04-10 16:46:43 [scrapy.statscollectors] INFO: Dumping Scrapy stats:
{'downloader/request_bytes': 734548,
 'downloader/request_count': 1833,
 'downloader/request_method_count/GET': 1833,
 'downloader/response_bytes': 13631951,
 'downloader/response_count': 1833,
 'downloader/response_status_count/200': 1833,
 'finish_reason': 'finished',
 'finish_time': datetime.datetime(2018, 4, 10, 8, 46, 43, 510000),
 'log_count/INFO': 7,
 'request_depth_max': 2,
 'response_received_count': 1833,
 'scheduler/dequeued': 1832,
 'scheduler/dequeued/memory': 1832,
 'scheduler/enqueued': 1832,
 'scheduler/enqueued/memory': 1832,
 'start_time': datetime.datetime(2018, 4, 10, 8, 46, 12, 625000)}
2018-04-10 16:46:43 [scrapy.core.engine] INFO: Spider closed (finished)
